Using pre-set license
Built from '2021.3/staging' branch; Version is '2021.3.18f1 (3129e69bc0c7) revision 3221990'; Using compiler version '192829333'; Build Type 'Release'
OS: 'Windows 10  (10.0.19045) 64bit Core' Language: 'en' Physical Memory: 3983 MB
BatchMode: 1, IsHumanControllingUs: 0, StartBugReporterOnCrash: 0, Is64bit: 1, IsPro: 1

COMMAND LINE ARGUMENTS:
C:\Program Files\Unity\Hub\Editor\2021.3.18f1\Editor\Unity.exe
-adb2
-batchMode
-noUpm
-name
AssetImportWorker1
-projectPath
C:/Users/Mateen/Documents/GitHub/ZombieShooter/Zombie Killer/Zombie Killer
-logFile
Logs/AssetImportWorker1.log
-srvPort
49774
Successfully changed project path to: C:/Users/Mateen/Documents/GitHub/ZombieShooter/Zombie Killer/Zombie Killer
C:/Users/Mateen/Documents/GitHub/ZombieShooter/Zombie Killer/Zombie Killer
[UnityMemory] Configuration Parameters - Can be set up in boot.config
    "memorysetup-bucket-allocator-granularity=16"
    "memorysetup-bucket-allocator-bucket-count=8"
    "memorysetup-bucket-allocator-block-size=33554432"
    "memorysetup-bucket-allocator-block-count=8"
    "memorysetup-main-allocator-block-size=16777216"
    "memorysetup-thread-allocator-block-size=16777216"
    "memorysetup-gfx-main-allocator-block-size=16777216"
    "memorysetup-gfx-thread-allocator-block-size=16777216"
    "memorysetup-cache-allocator-block-size=4194304"
    "memorysetup-typetree-allocator-block-size=2097152"
    "memorysetup-profiler-bucket-allocator-granularity=16"
    "memorysetup-profiler-bucket-allocator-bucket-count=8"
    "memorysetup-profiler-bucket-allocator-block-size=33554432"
    "memorysetup-profiler-bucket-allocator-block-count=8"
    "memorysetup-profiler-allocator-block-size=16777216"
    "memorysetup-profiler-editor-allocator-block-size=1048576"
    "memorysetup-temp-allocator-size-main=16777216"
    "memorysetup-job-temp-allocator-block-size=2097152"
    "memorysetup-job-temp-allocator-block-size-background=1048576"
    "memorysetup-job-temp-allocator-reduction-small-platforms=262144"
    "memorysetup-temp-allocator-size-background-worker=32768"
    "memorysetup-temp-allocator-size-job-worker=262144"
    "memorysetup-temp-allocator-size-preload-manager=33554432"
    "memorysetup-temp-allocator-size-nav-mesh-worker=65536"
    "memorysetup-temp-allocator-size-audio-worker=65536"
    "memorysetup-temp-allocator-size-cloud-worker=32768"
    "memorysetup-temp-allocator-size-gi-baking-worker=262144"
    "memorysetup-temp-allocator-size-gfx=262144"
Player connection [9852] Host "[IP] 192.168.1.20 [Port] 0 [Flags] 2 [Guid] 4188018770 [EditorId] 4188018770 [Version] 1048832 [Id] WindowsEditor(7,DESKTOP-0V5ECB3) [Debug] 1 [PackageName] WindowsEditor [ProjectName] Editor" joined multi-casting on [225.0.0.222:54997]...

Player connection [9852] Host "[IP] 192.168.1.20 [Port] 0 [Flags] 2 [Guid] 4188018770 [EditorId] 4188018770 [Version] 1048832 [Id] WindowsEditor(7,DESKTOP-0V5ECB3) [Debug] 1 [PackageName] WindowsEditor [ProjectName] Editor" joined alternative multi-casting on [225.0.0.222:34997]...

Refreshing native plugins compatible for Editor in 495.05 ms, found 2 plugins.
Preloading 0 native plugins for Editor in 0.00 ms.
Initialize engine version: 2021.3.18f1 (3129e69bc0c7)
[Subsystems] Discovering subsystems at path C:/Program Files/Unity/Hub/Editor/2021.3.18f1/Editor/Data/Resources/UnitySubsystems
[Subsystems] Discovering subsystems at path C:/Users/Mateen/Documents/GitHub/ZombieShooter/Zombie Killer/Zombie Killer/Assets
GfxDevice: creating device client; threaded=0; jobified=0
Direct3D:
    Version:  Direct3D 11.0 [level 11.1]
    Renderer: Intel(R) UHD Graphics 620 (ID=0x3ea0)
    Vendor:   Intel
    VRAM:     1991 MB
    Driver:   31.0.101.1989
Initialize mono
Mono path[0] = 'C:/Program Files/Unity/Hub/Editor/2021.3.18f1/Editor/Data/Managed'
Mono path[1] = 'C:/Program Files/Unity/Hub/Editor/2021.3.18f1/Editor/Data/MonoBleedingEdge/lib/mono/unityjit-win32'
Mono config path = 'C:/Program Files/Unity/Hub/Editor/2021.3.18f1/Editor/Data/MonoBleedingEdge/etc'
Using monoOptions --debugger-agent=transport=dt_socket,embedding=1,server=y,suspend=n,address=127.0.0.1:56472
Begin MonoManager ReloadAssembly
Registering precompiled unity dll's ...
Register platform support module: C:/Program Files/Unity/Hub/Editor/2021.3.18f1/Editor/Data/PlaybackEngines/AndroidPlayer/UnityEditor.Android.Extensions.dll
Register platform support module: C:/Program Files/Unity/Hub/Editor/2021.3.18f1/Editor/Data/PlaybackEngines/WindowsStandaloneSupport/UnityEditor.WindowsStandalone.Extensions.dll
Registered in 0.024954 seconds.
Native extension for WindowsStandalone target not found
Native extension for Android target not found
Android Extension - Scanning For ADB Devices 1099 ms
Refreshing native plugins compatible for Editor in 214.07 ms, found 2 plugins.
Preloading 0 native plugins for Editor in 0.00 ms.
Mono: successfully reloaded assembly
- Completed reload, in  4.000 seconds
Domain Reload Profiling:
	ReloadAssembly (4001ms)
		BeginReloadAssembly (327ms)
			ExecutionOrderSort (0ms)
			DisableScriptedObjects (0ms)
			BackupInstance (0ms)
			ReleaseScriptingObjects (1ms)
			CreateAndSetChildDomain (3ms)
		EndReloadAssembly (3261ms)
			LoadAssemblies (319ms)
			RebuildTransferFunctionScriptingTraits (0ms)
			SetupTypeCache (636ms)
			ReleaseScriptCaches (0ms)
			RebuildScriptCaches (179ms)
			SetupLoadedEditorAssemblies (2160ms)
				LogAssemblyErrors (0ms)
				InitializePlatformSupportModulesInManaged (1555ms)
				SetLoadedEditorAssemblies (4ms)
				RefreshPlugins (214ms)
				BeforeProcessingInitializeOnLoad (4ms)
				ProcessInitializeOnLoadAttributes (279ms)
				ProcessInitializeOnLoadMethodAttributes (104ms)
				AfterProcessingInitializeOnLoad (0ms)
				EditorAssembliesLoaded (0ms)
			ExecutionOrderSort2 (0ms)
			AwakeInstancesAfterBackupRestoration (0ms)
Platform modules already initialized, skipping
Registering precompiled user dll's ...
Registered in 0.025002 seconds.
Begin MonoManager ReloadAssembly
Native extension for WindowsStandalone target not found
Native extension for Android target not found
Refreshing native plugins compatible for Editor in 1.17 ms, found 2 plugins.
Preloading 0 native plugins for Editor in 0.00 ms.
Mono: successfully reloaded assembly
- Completed reload, in  2.558 seconds
Domain Reload Profiling:
	ReloadAssembly (2559ms)
		BeginReloadAssembly (360ms)
			ExecutionOrderSort (0ms)
			DisableScriptedObjects (12ms)
			BackupInstance (0ms)
			ReleaseScriptingObjects (0ms)
			CreateAndSetChildDomain (54ms)
		EndReloadAssembly (1838ms)
			LoadAssemblies (384ms)
			RebuildTransferFunctionScriptingTraits (0ms)
			SetupTypeCache (529ms)
			ReleaseScriptCaches (2ms)
			RebuildScriptCaches (113ms)
			SetupLoadedEditorAssemblies (783ms)
				LogAssemblyErrors (0ms)
				InitializePlatformSupportModulesInManaged (23ms)
				SetLoadedEditorAssemblies (1ms)
				RefreshPlugins (1ms)
				BeforeProcessingInitializeOnLoad (93ms)
				ProcessInitializeOnLoadAttributes (391ms)
				ProcessInitializeOnLoadMethodAttributes (249ms)
				AfterProcessingInitializeOnLoad (24ms)
				EditorAssembliesLoaded (1ms)
			ExecutionOrderSort2 (0ms)
			AwakeInstancesAfterBackupRestoration (16ms)
Platform modules already initialized, skipping
========================================================================
Worker process is ready to serve import requests
Launched and connected shader compiler UnityShaderCompiler.exe after 0.13 seconds
Refreshing native plugins compatible for Editor in 1.23 ms, found 2 plugins.
Preloading 0 native plugins for Editor in 0.00 ms.
Unloading 3033 Unused Serialized files (Serialized files now loaded: 0)
Unloading 70 unused Assets / (59.2 KB). Loaded Objects now: 3485.
Memory consumption went from 111.5 MB to 111.5 MB.
Total: 20.697500 ms (FindLiveObjects: 0.841000 ms CreateObjectMapping: 0.390300 ms MarkObjects: 19.128000 ms  DeleteObjects: 0.334300 ms)

AssetImportParameters requested are different than current active one (requested -> active):
  custom:video-decoder-ogg-theora: a1e56fd34408186e4bbccfd4996cb3dc -> 
  custom:container-muxer-webm: aa71ff27fc2769a1b78a27578f13a17b -> 
  custom:container-demuxer-webm: 4f35f7cbe854078d1ac9338744f61a02 -> 
  custom:video-encoder-webm-vp8: eb34c28f22e8b96e1ab97ce403110664 -> 
  custom:audio-encoder-webm-vorbis: bf7c407c2cedff20999df2af8eb42d56 -> 
  custom:framework-win-MediaFoundation: 216162199b28c13a410421893ffa2e32 -> 
  custom:container-demuxer-ogg: 62fdf1f143b41e24485cea50d1cbac27 -> 
  custom:video-decoder-webm-vp8: 9c59270c3fd7afecdb556c50c9e8de78 -> 
  custom:audio-decoder-ogg-vorbis: bf7c407c2cedff20999df2af8eb42d56 -> 
========================================================================
Received Import Request.
  Time since last request: 276807.297962 seconds.
  path: Assets/Plugins/Control-Freak-2/Sprites/CF-Default-Joy-Hat.png
  artifactKey: Guid(fcdcf0258794fb44298ee36183440e49) Importer(815301076,1909f56bfc062723c751e8b465ee728b)
Start importing Assets/Plugins/Control-Freak-2/Sprites/CF-Default-Joy-Hat.png using Guid(fcdcf0258794fb44298ee36183440e49) Importer(815301076,1909f56bfc062723c751e8b465ee728b)  -> (artifact id: 'c773602cb410cb04c2d124b783a3e0a3') in 0.645396 seconds 
========================================================================
Received Import Request.
  Time since last request: 0.000047 seconds.
  path: Assets/Plugins/Control-Freak-2/Sprites/CF-Default-Joy-Base.png
  artifactKey: Guid(51ce1a70ac4238c48aaddd05f6604e75) Importer(815301076,1909f56bfc062723c751e8b465ee728b)
Start importing Assets/Plugins/Control-Freak-2/Sprites/CF-Default-Joy-Base.png using Guid(51ce1a70ac4238c48aaddd05f6604e75) Importer(815301076,1909f56bfc062723c751e8b465ee728b)  -> (artifact id: '583e0a418637f81c4cfcbbf325ffe681') in 0.117145 seconds 
========================================================================
Received Import Request.
  Time since last request: 96.044874 seconds.
  path: Assets/Scripts/Sounds
  artifactKey: Guid(bbd6d0f12ea4006478d46a2725924e9a) Importer(815301076,1909f56bfc062723c751e8b465ee728b)
Start importing Assets/Scripts/Sounds using Guid(bbd6d0f12ea4006478d46a2725924e9a) Importer(815301076,1909f56bfc062723c751e8b465ee728b)  -> (artifact id: 'af55cf0533abcaf8a3e65b09f70db979') in 0.052185 seconds 
========================================================================
Received Import Request.
  Time since last request: 13.891656 seconds.
  path: Assets/Plugins/Control-Freak-2/Scripts/Gamepads/ProfileBanks
  artifactKey: Guid(6d5bf703a6bc94a42a7958eb9ce18a05) Importer(815301076,1909f56bfc062723c751e8b465ee728b)
Start importing Assets/Plugins/Control-Freak-2/Scripts/Gamepads/ProfileBanks using Guid(6d5bf703a6bc94a42a7958eb9ce18a05) Importer(815301076,1909f56bfc062723c751e8b465ee728b)  -> (artifact id: 'f904b0df8d481b99389bf53ca7547f3e') in 0.027949 seconds 
========================================================================
Received Import Request.
  Time since last request: 0.466501 seconds.
  path: Assets/Plugins/Control-Freak-2/Scripts/Gamepads/ProfileBanks/BuiltInGamepadProfileBank.cs
  artifactKey: Guid(7dd8e80d6ae8c964eb5674d0a18fd9b0) Importer(815301076,1909f56bfc062723c751e8b465ee728b)
Start importing Assets/Plugins/Control-Freak-2/Scripts/Gamepads/ProfileBanks/BuiltInGamepadProfileBank.cs using Guid(7dd8e80d6ae8c964eb5674d0a18fd9b0) Importer(815301076,1909f56bfc062723c751e8b465ee728b)  -> (artifact id: '29be51a8fda72f633b25ee27c4b52173') in 0.067807 seconds 
========================================================================
Received Import Request.
  Time since last request: 8.138754 seconds.
  path: Assets/Plugins/Control-Freak-2/Scripts/Gamepads/ProfileBanks/BuiltInGamepadProfileBankPS4.cs
  artifactKey: Guid(c6f83d3eea7b85442b95532f89dadb2f) Importer(815301076,1909f56bfc062723c751e8b465ee728b)
Start importing Assets/Plugins/Control-Freak-2/Scripts/Gamepads/ProfileBanks/BuiltInGamepadProfileBankPS4.cs using Guid(c6f83d3eea7b85442b95532f89dadb2f) Importer(815301076,1909f56bfc062723c751e8b465ee728b)  -> (artifact id: 'be06063263c25e59b4bf6ab20c03c91c') in 0.066409 seconds 
========================================================================
Received Import Request.
  Time since last request: 1.518209 seconds.
  path: Assets/Plugins/Control-Freak-2/Scripts/Gamepads/ProfileBanks/BuiltInGamepadProfileBankStadia.cs
  artifactKey: Guid(2b44983864eceba40ab528a4abc6e530) Importer(815301076,1909f56bfc062723c751e8b465ee728b)
Start importing Assets/Plugins/Control-Freak-2/Scripts/Gamepads/ProfileBanks/BuiltInGamepadProfileBankStadia.cs using Guid(2b44983864eceba40ab528a4abc6e530) Importer(815301076,1909f56bfc062723c751e8b465ee728b)  -> (artifact id: '869deb959966febecbaea56f21707d6e') in 0.018136 seconds 
========================================================================
Received Import Request.
  Time since last request: 1.403000 seconds.
  path: Assets/Plugins/Control-Freak-2/Scripts/Gamepads/ProfileBanks/BuiltInGamepadProfileBankXboxOne.cs
  artifactKey: Guid(97272654cb7246946aeea41047b37fca) Importer(815301076,1909f56bfc062723c751e8b465ee728b)
Start importing Assets/Plugins/Control-Freak-2/Scripts/Gamepads/ProfileBanks/BuiltInGamepadProfileBankXboxOne.cs using Guid(97272654cb7246946aeea41047b37fca) Importer(815301076,1909f56bfc062723c751e8b465ee728b)  -> (artifact id: 'c46eec6e79381aa339e2eba833fcfa45') in 0.025076 seconds 
========================================================================
Received Prepare
Registering precompiled user dll's ...
Registered in 0.044538 seconds.
Begin MonoManager ReloadAssembly
Native extension for WindowsStandalone target not found
Native extension for Android target not found
Refreshing native plugins compatible for Editor in 8.38 ms, found 2 plugins.
Preloading 0 native plugins for Editor in 0.00 ms.
Mono: successfully reloaded assembly
- Completed reload, in  9.800 seconds
Domain Reload Profiling:
	ReloadAssembly (9808ms)
		BeginReloadAssembly (1468ms)
			ExecutionOrderSort (1ms)
			DisableScriptedObjects (243ms)
			BackupInstance (0ms)
			ReleaseScriptingObjects (0ms)
			CreateAndSetChildDomain (733ms)
		EndReloadAssembly (7968ms)
			LoadAssemblies (558ms)
			RebuildTransferFunctionScriptingTraits (4ms)
			SetupTypeCache (1101ms)
			ReleaseScriptCaches (4ms)
			RebuildScriptCaches (772ms)
			SetupLoadedEditorAssemblies (3280ms)
				LogAssemblyErrors (0ms)
				InitializePlatformSupportModulesInManaged (149ms)
				SetLoadedEditorAssemblies (1ms)
				RefreshPlugins (9ms)
				BeforeProcessingInitializeOnLoad (846ms)
				ProcessInitializeOnLoadAttributes (1553ms)
				ProcessInitializeOnLoadMethodAttributes (708ms)
				AfterProcessingInitializeOnLoad (12ms)
				EditorAssembliesLoaded (1ms)
			ExecutionOrderSort2 (0ms)
			AwakeInstancesAfterBackupRestoration (11ms)
Platform modules already initialized, skipping
Refreshing native plugins compatible for Editor in 20.78 ms, found 2 plugins.
Preloading 0 native plugins for Editor in 0.00 ms.
Unloading 3026 Unused Serialized files (Serialized files now loaded: 0)
Unloading 62 unused Assets / (101.7 KB). Loaded Objects now: 3495.
Memory consumption went from 117.9 MB to 117.8 MB.
Total: 56.321400 ms (FindLiveObjects: 3.919600 ms CreateObjectMapping: 0.565100 ms MarkObjects: 51.164700 ms  DeleteObjects: 0.670100 ms)

AssetImportParameters requested are different than current active one (requested -> active):
  custom:video-decoder-ogg-theora: a1e56fd34408186e4bbccfd4996cb3dc -> 
  custom:container-muxer-webm: aa71ff27fc2769a1b78a27578f13a17b -> 
  custom:container-demuxer-webm: 4f35f7cbe854078d1ac9338744f61a02 -> 
  custom:video-encoder-webm-vp8: eb34c28f22e8b96e1ab97ce403110664 -> 
  custom:audio-encoder-webm-vorbis: bf7c407c2cedff20999df2af8eb42d56 -> 
  custom:framework-win-MediaFoundation: 216162199b28c13a410421893ffa2e32 -> 
  custom:container-demuxer-ogg: 62fdf1f143b41e24485cea50d1cbac27 -> 
  custom:video-decoder-webm-vp8: 9c59270c3fd7afecdb556c50c9e8de78 -> 
  custom:audio-decoder-ogg-vorbis: bf7c407c2cedff20999df2af8eb42d56 -> 
========================================================================
Received Import Request.
  Time since last request: 57.094515 seconds.
  path: Assets/Plugins/Control-Freak-2/Sprites/CF-Default-Joy-Base.png
  artifactKey: Guid(51ce1a70ac4238c48aaddd05f6604e75) Importer(815301076,1909f56bfc062723c751e8b465ee728b)
Start importing Assets/Plugins/Control-Freak-2/Sprites/CF-Default-Joy-Base.png using Guid(51ce1a70ac4238c48aaddd05f6604e75) Importer(815301076,1909f56bfc062723c751e8b465ee728b)  -> (artifact id: '7891d5e1d5fe74a83868ac7b74c651ac') in 0.202984 seconds 
========================================================================
Received Import Request.
  Time since last request: 0.684660 seconds.
  path: Assets/Plugins/Control-Freak-2/Sprites/CF-Default-Joy-Hat.png
  artifactKey: Guid(fcdcf0258794fb44298ee36183440e49) Importer(815301076,1909f56bfc062723c751e8b465ee728b)
Start importing Assets/Plugins/Control-Freak-2/Sprites/CF-Default-Joy-Hat.png using Guid(fcdcf0258794fb44298ee36183440e49) Importer(815301076,1909f56bfc062723c751e8b465ee728b)  -> (artifact id: '93bb84a30c4a278996800e0c829caa9f') in 0.055261 seconds 
========================================================================
Received Import Request.
  Time since last request: 34.055363 seconds.
  path: Assets/Particles
  artifactKey: Guid(37e35f9dde7f65045ad5decd12214283) Importer(815301076,1909f56bfc062723c751e8b465ee728b)
Start importing Assets/Particles using Guid(37e35f9dde7f65045ad5decd12214283) Importer(815301076,1909f56bfc062723c751e8b465ee728b)  -> (artifact id: 'e4a12ae6b74d63bb17c771d6df04d6e9') in 0.152459 seconds 
========================================================================
Received Import Request.
  Time since last request: 15.137656 seconds.
  path: Assets/2D/ImportedUI/2D Updated UI/Slicing Undaying Zombie/game play/New/circle_.png
  artifactKey: Guid(83feca6c20e3f724489391c4fdda7f13) Importer(815301076,1909f56bfc062723c751e8b465ee728b)
Start importing Assets/2D/ImportedUI/2D Updated UI/Slicing Undaying Zombie/game play/New/circle_.png using Guid(83feca6c20e3f724489391c4fdda7f13) Importer(815301076,1909f56bfc062723c751e8b465ee728b)  -> (artifact id: '4fb136859b090f0ca953bb1a965464a4') in 0.277098 seconds 
========================================================================
Received Import Request.
  Time since last request: 8.059419 seconds.
  path: Assets/2D/ImportedUI/2D Updated UI/Slicing Undaying Zombie/game play/New/controller.png
  artifactKey: Guid(300f41446b901c2469b246b0b19d04c9) Importer(815301076,1909f56bfc062723c751e8b465ee728b)
Start importing Assets/2D/ImportedUI/2D Updated UI/Slicing Undaying Zombie/game play/New/controller.png using Guid(300f41446b901c2469b246b0b19d04c9) Importer(815301076,1909f56bfc062723c751e8b465ee728b)  -> (artifact id: '474da8cd3f664c1a3bfa1406f9d20db6') in 0.064984 seconds 
========================================================================
Received Prepare
Registering precompiled user dll's ...
Registered in 0.030847 seconds.
Begin MonoManager ReloadAssembly
Native extension for WindowsStandalone target not found
Native extension for Android target not found
Refreshing native plugins compatible for Editor in 86.85 ms, found 2 plugins.
Preloading 0 native plugins for Editor in 0.00 ms.
Mono: successfully reloaded assembly
- Completed reload, in 26.345 seconds
Domain Reload Profiling:
	ReloadAssembly (26428ms)
		BeginReloadAssembly (9859ms)
			ExecutionOrderSort (9ms)
			DisableScriptedObjects (3021ms)
			BackupInstance (0ms)
			ReleaseScriptingObjects (61ms)
			CreateAndSetChildDomain (1704ms)
		EndReloadAssembly (12463ms)
			LoadAssemblies (3121ms)
			RebuildTransferFunctionScriptingTraits (6ms)
			SetupTypeCache (3919ms)
			ReleaseScriptCaches (303ms)
			RebuildScriptCaches (2593ms)
			SetupLoadedEditorAssemblies (3191ms)
				LogAssemblyErrors (0ms)
				InitializePlatformSupportModulesInManaged (1698ms)
				SetLoadedEditorAssemblies (5ms)
				RefreshPlugins (88ms)
				BeforeProcessingInitializeOnLoad (385ms)
				ProcessInitializeOnLoadAttributes (774ms)
				ProcessInitializeOnLoadMethodAttributes (233ms)
				AfterProcessingInitializeOnLoad (9ms)
				EditorAssembliesLoaded (1ms)
			ExecutionOrderSort2 (0ms)
			AwakeInstancesAfterBackupRestoration (14ms)
Platform modules already initialized, skipping
Refreshing native plugins compatible for Editor in 39.61 ms, found 2 plugins.
Preloading 0 native plugins for Editor in 0.00 ms.
Unloading 3026 Unused Serialized files (Serialized files now loaded: 0)
Unloading 62 unused Assets / (101.7 KB). Loaded Objects now: 3502.
Memory consumption went from 117.9 MB to 117.8 MB.
Total: 32.659300 ms (FindLiveObjects: 0.508200 ms CreateObjectMapping: 5.548700 ms MarkObjects: 25.577000 ms  DeleteObjects: 1.023100 ms)

AssetImportParameters requested are different than current active one (requested -> active):
  custom:video-decoder-ogg-theora: a1e56fd34408186e4bbccfd4996cb3dc -> 
  custom:container-muxer-webm: aa71ff27fc2769a1b78a27578f13a17b -> 
  custom:container-demuxer-webm: 4f35f7cbe854078d1ac9338744f61a02 -> 
  custom:video-encoder-webm-vp8: eb34c28f22e8b96e1ab97ce403110664 -> 
  custom:audio-encoder-webm-vorbis: bf7c407c2cedff20999df2af8eb42d56 -> 
  custom:framework-win-MediaFoundation: 216162199b28c13a410421893ffa2e32 -> 
  custom:container-demuxer-ogg: 62fdf1f143b41e24485cea50d1cbac27 -> 
  custom:video-decoder-webm-vp8: 9c59270c3fd7afecdb556c50c9e8de78 -> 
  custom:audio-decoder-ogg-vorbis: bf7c407c2cedff20999df2af8eb42d56 -> 
========================================================================
Received Prepare
Registering precompiled user dll's ...
Registered in 0.032727 seconds.
Begin MonoManager ReloadAssembly
Native extension for WindowsStandalone target not found
Native extension for Android target not found
Refreshing native plugins compatible for Editor in 23.30 ms, found 2 plugins.
Preloading 0 native plugins for Editor in 0.00 ms.
Mono: successfully reloaded assembly
- Completed reload, in 13.662 seconds
Domain Reload Profiling:
	ReloadAssembly (13681ms)
		BeginReloadAssembly (2135ms)
			ExecutionOrderSort (0ms)
			DisableScriptedObjects (470ms)
			BackupInstance (0ms)
			ReleaseScriptingObjects (3ms)
			CreateAndSetChildDomain (859ms)
		EndReloadAssembly (11229ms)
			LoadAssemblies (1472ms)
			RebuildTransferFunctionScriptingTraits (2ms)
			SetupTypeCache (1504ms)
			ReleaseScriptCaches (31ms)
			RebuildScriptCaches (283ms)
			SetupLoadedEditorAssemblies (7936ms)
				LogAssemblyErrors (0ms)
				InitializePlatformSupportModulesInManaged (142ms)
				SetLoadedEditorAssemblies (3ms)
				RefreshPlugins (24ms)
				BeforeProcessingInitializeOnLoad (615ms)
				ProcessInitializeOnLoadAttributes (5950ms)
				ProcessInitializeOnLoadMethodAttributes (1180ms)
				AfterProcessingInitializeOnLoad (22ms)
				EditorAssembliesLoaded (1ms)
			ExecutionOrderSort2 (0ms)
			AwakeInstancesAfterBackupRestoration (18ms)
Platform modules already initialized, skipping
Refreshing native plugins compatible for Editor in 31.56 ms, found 2 plugins.
Preloading 0 native plugins for Editor in 0.00 ms.
Unloading 3026 Unused Serialized files (Serialized files now loaded: 0)
Unloading 62 unused Assets / (101.9 KB). Loaded Objects now: 3505.
Memory consumption went from 117.9 MB to 117.8 MB.
Total: 28.890300 ms (FindLiveObjects: 1.603200 ms CreateObjectMapping: 1.324900 ms MarkObjects: 24.024700 ms  DeleteObjects: 1.933100 ms)

AssetImportParameters requested are different than current active one (requested -> active):
  custom:video-decoder-ogg-theora: a1e56fd34408186e4bbccfd4996cb3dc -> 
  custom:container-muxer-webm: aa71ff27fc2769a1b78a27578f13a17b -> 
  custom:container-demuxer-webm: 4f35f7cbe854078d1ac9338744f61a02 -> 
  custom:video-encoder-webm-vp8: eb34c28f22e8b96e1ab97ce403110664 -> 
  custom:audio-encoder-webm-vorbis: bf7c407c2cedff20999df2af8eb42d56 -> 
  custom:framework-win-MediaFoundation: 216162199b28c13a410421893ffa2e32 -> 
  custom:container-demuxer-ogg: 62fdf1f143b41e24485cea50d1cbac27 -> 
  custom:video-decoder-webm-vp8: 9c59270c3fd7afecdb556c50c9e8de78 -> 
  custom:audio-decoder-ogg-vorbis: bf7c407c2cedff20999df2af8eb42d56 -> 
========================================================================
Received Prepare
Registering precompiled user dll's ...
Registered in 0.073445 seconds.
Begin MonoManager ReloadAssembly
Native extension for WindowsStandalone target not found
Native extension for Android target not found
Refreshing native plugins compatible for Editor in 20.68 ms, found 2 plugins.
Preloading 0 native plugins for Editor in 0.00 ms.
Mono: successfully reloaded assembly
- Completed reload, in  9.327 seconds
Domain Reload Profiling:
	ReloadAssembly (9342ms)
		BeginReloadAssembly (1556ms)
			ExecutionOrderSort (0ms)
			DisableScriptedObjects (165ms)
			BackupInstance (0ms)
			ReleaseScriptingObjects (2ms)
			CreateAndSetChildDomain (791ms)
		EndReloadAssembly (7613ms)
			LoadAssemblies (494ms)
			RebuildTransferFunctionScriptingTraits (2ms)
			SetupTypeCache (895ms)
			ReleaseScriptCaches (14ms)
			RebuildScriptCaches (467ms)
			SetupLoadedEditorAssemblies (5479ms)
				LogAssemblyErrors (0ms)
				InitializePlatformSupportModulesInManaged (85ms)
				SetLoadedEditorAssemblies (1ms)
				RefreshPlugins (21ms)
				BeforeProcessingInitializeOnLoad (251ms)
				ProcessInitializeOnLoadAttributes (4753ms)
				ProcessInitializeOnLoadMethodAttributes (350ms)
				AfterProcessingInitializeOnLoad (18ms)
				EditorAssembliesLoaded (1ms)
			ExecutionOrderSort2 (0ms)
			AwakeInstancesAfterBackupRestoration (16ms)
Platform modules already initialized, skipping
Refreshing native plugins compatible for Editor in 23.40 ms, found 2 plugins.
Preloading 0 native plugins for Editor in 0.00 ms.
Unloading 3026 Unused Serialized files (Serialized files now loaded: 0)
Unloading 62 unused Assets / (101.8 KB). Loaded Objects now: 3508.
Memory consumption went from 117.9 MB to 117.8 MB.
Total: 16.190100 ms (FindLiveObjects: 0.382300 ms CreateObjectMapping: 0.812700 ms MarkObjects: 14.116600 ms  DeleteObjects: 0.876700 ms)

AssetImportParameters requested are different than current active one (requested -> active):
  custom:video-decoder-ogg-theora: a1e56fd34408186e4bbccfd4996cb3dc -> 
  custom:container-muxer-webm: aa71ff27fc2769a1b78a27578f13a17b -> 
  custom:container-demuxer-webm: 4f35f7cbe854078d1ac9338744f61a02 -> 
  custom:video-encoder-webm-vp8: eb34c28f22e8b96e1ab97ce403110664 -> 
  custom:audio-encoder-webm-vorbis: bf7c407c2cedff20999df2af8eb42d56 -> 
  custom:framework-win-MediaFoundation: 216162199b28c13a410421893ffa2e32 -> 
  custom:container-demuxer-ogg: 62fdf1f143b41e24485cea50d1cbac27 -> 
  custom:video-decoder-webm-vp8: 9c59270c3fd7afecdb556c50c9e8de78 -> 
  custom:audio-decoder-ogg-vorbis: bf7c407c2cedff20999df2af8eb42d56 -> 
========================================================================
Received Prepare
Registering precompiled user dll's ...
Registered in 0.404871 seconds.
Begin MonoManager ReloadAssembly
Native extension for WindowsStandalone target not found
Native extension for Android target not found
Refreshing native plugins compatible for Editor in 3.15 ms, found 2 plugins.
Preloading 0 native plugins for Editor in 0.00 ms.
Mono: successfully reloaded assembly
- Completed reload, in  9.538 seconds
Domain Reload Profiling:
	ReloadAssembly (9582ms)
		BeginReloadAssembly (6253ms)
			ExecutionOrderSort (0ms)
			DisableScriptedObjects (940ms)
			BackupInstance (0ms)
			ReleaseScriptingObjects (1ms)
			CreateAndSetChildDomain (2658ms)
		EndReloadAssembly (2498ms)
			LoadAssemblies (1637ms)
			RebuildTransferFunctionScriptingTraits (0ms)
			SetupTypeCache (752ms)
			ReleaseScriptCaches (23ms)
			RebuildScriptCaches (112ms)
			SetupLoadedEditorAssemblies (1122ms)
				LogAssemblyErrors (0ms)
				InitializePlatformSupportModulesInManaged (58ms)
				SetLoadedEditorAssemblies (2ms)
				RefreshPlugins (3ms)
				BeforeProcessingInitializeOnLoad (185ms)
				ProcessInitializeOnLoadAttributes (395ms)
				ProcessInitializeOnLoadMethodAttributes (444ms)
				AfterProcessingInitializeOnLoad (34ms)
				EditorAssembliesLoaded (1ms)
			ExecutionOrderSort2 (0ms)
			AwakeInstancesAfterBackupRestoration (13ms)
Platform modules already initialized, skipping
Refreshing native plugins compatible for Editor in 33.81 ms, found 2 plugins.
Preloading 0 native plugins for Editor in 0.00 ms.
Unloading 3026 Unused Serialized files (Serialized files now loaded: 0)
Unloading 62 unused Assets / (101.9 KB). Loaded Objects now: 3511.
Memory consumption went from 117.9 MB to 117.8 MB.
Total: 16.379400 ms (FindLiveObjects: 0.576900 ms CreateObjectMapping: 0.446700 ms MarkObjects: 14.701200 ms  DeleteObjects: 0.653100 ms)

AssetImportParameters requested are different than current active one (requested -> active):
  custom:video-decoder-ogg-theora: a1e56fd34408186e4bbccfd4996cb3dc -> 
  custom:container-muxer-webm: aa71ff27fc2769a1b78a27578f13a17b -> 
  custom:container-demuxer-webm: 4f35f7cbe854078d1ac9338744f61a02 -> 
  custom:video-encoder-webm-vp8: eb34c28f22e8b96e1ab97ce403110664 -> 
  custom:audio-encoder-webm-vorbis: bf7c407c2cedff20999df2af8eb42d56 -> 
  custom:framework-win-MediaFoundation: 216162199b28c13a410421893ffa2e32 -> 
  custom:container-demuxer-ogg: 62fdf1f143b41e24485cea50d1cbac27 -> 
  custom:video-decoder-webm-vp8: 9c59270c3fd7afecdb556c50c9e8de78 -> 
  custom:audio-decoder-ogg-vorbis: bf7c407c2cedff20999df2af8eb42d56 -> 
